  LoginForm.cpp
C:\Users\Артем\source\repos\Authorization\Authorization\LoginForm.h(196,48): error C2065: name: необъявленный идентификатор
  MainForm.cpp
  Program.cpp
C:\Users\Артем\source\repos\Authorization\Authorization\User.h(3,23): error C2011: User: переопределение типа "class"
C:\Users\Артем\source\repos\Authorization\Authorization\User.h(3): message : см. объявление "User"
C:\Users\Артем\source\repos\Authorization\Authorization\LoginForm.h(196,48): error C2065: name: необъявленный идентификатор
C:\Users\Артем\source\repos\Authorization\Authorization\LoginForm.h(200,1): error C2027: использование неопределенного типа "User"
C:\Users\Артем\source\repos\Authorization\Authorization\User.h(3): message : см. объявление "User"
C:\Users\Артем\source\repos\Authorization\Authorization\LoginForm.h(201,1): error C2027: использование неопределенного типа "User"
C:\Users\Артем\source\repos\Authorization\Authorization\User.h(3): message : см. объявление "User"
C:\Users\Артем\source\repos\Authorization\Authorization\LoginForm.h(202,1): error C2027: использование неопределенного типа "User"
C:\Users\Артем\source\repos\Authorization\Authorization\User.h(3): message : см. объявление "User"
C:\Users\Артем\source\repos\Authorization\Authorization\LoginForm.h(203,1): error C2027: использование неопределенного типа "User"
C:\Users\Артем\source\repos\Authorization\Authorization\User.h(3): message : см. объявление "User"
C:\Users\Артем\source\repos\Authorization\Authorization\LoginForm.h(204,1): error C2027: использование неопределенного типа "User"
C:\Users\Артем\source\repos\Authorization\Authorization\User.h(3): message : см. объявление "User"
C:\Users\Артем\source\repos\Authorization\Authorization\LoginForm.h(205,1): error C2027: использование неопределенного типа "User"
C:\Users\Артем\source\repos\Authorization\Authorization\User.h(3): message : см. объявление "User"
C:\Users\Артем\source\repos\Authorization\Authorization\LoginForm.h(206,1): error C2027: использование неопределенного типа "User"
C:\Users\Артем\source\repos\Authorization\Authorization\User.h(3): message : см. объявление "User"
C:\Users\Артем\source\repos\Authorization\Authorization\MainForm.h(27,1): error C2027: использование неопределенного типа "User"
C:\Users\Артем\source\repos\Authorization\Authorization\User.h(3): message : см. объявление "User"
C:\Users\Артем\source\repos\Authorization\Authorization\MainForm.h(28,1): error C2027: использование неопределенного типа "User"
C:\Users\Артем\source\repos\Authorization\Authorization\User.h(3): message : см. объявление "User"
C:\Users\Артем\source\repos\Authorization\Authorization\RegisterForm.h(334,25): warning C4129: M: неизвестная escape-последовательность
C:\Users\Артем\source\repos\Authorization\Authorization\RegisterForm.h(350,1): error C2027: использование неопределенного типа "User"
C:\Users\Артем\source\repos\Authorization\Authorization\User.h(3): message : см. объявление "User"
C:\Users\Артем\source\repos\Authorization\Authorization\RegisterForm.h(351,1): error C2027: использование неопределенного типа "User"
C:\Users\Артем\source\repos\Authorization\Authorization\User.h(3): message : см. объявление "User"
C:\Users\Артем\source\repos\Authorization\Authorization\RegisterForm.h(352,1): error C2027: использование неопределенного типа "User"
C:\Users\Артем\source\repos\Authorization\Authorization\User.h(3): message : см. объявление "User"
C:\Users\Артем\source\repos\Authorization\Authorization\RegisterForm.h(353,1): error C2027: использование неопределенного типа "User"
C:\Users\Артем\source\repos\Authorization\Authorization\User.h(3): message : см. объявление "User"
C:\Users\Артем\source\repos\Authorization\Authorization\RegisterForm.h(354,1): error C2027: использование неопределенного типа "User"
C:\Users\Артем\source\repos\Authorization\Authorization\User.h(3): message : см. объявление "User"
C:\Users\Артем\source\repos\Authorization\Authorization\RegisterForm.h(355,1): error C2027: использование неопределенного типа "User"
C:\Users\Артем\source\repos\Authorization\Authorization\User.h(3): message : см. объявление "User"
C:\Users\Артем\source\repos\Authorization\Authorization\Program.cpp(10,32): error C2011: Authorization::LoginForm: переопределение типа "class"
C:\Users\Артем\source\repos\Authorization\Authorization\LoginForm.h(20): message : см. объявление "Authorization::LoginForm"
C:\Users\Артем\source\repos\Authorization\Authorization\Program.cpp(59,31): error C2065: sp1: необъявленный идентификатор
  RegisterForm.cpp
C:\Users\Артем\source\repos\Authorization\Authorization\RegisterForm.h(334,25): warning C4129: M: неизвестная escape-последовательность
C:\Users\Артем\source\repos\Authorization\Authorization\RegisterForm.h(359,21): warning C4101: ex: неиспользованная локальная переменная
  Создание кода...
